0 info it worked if it ends with ok
1 verbose cli [ 'node',
1 verbose cli   '/Users/perrinclark/.nvm/versions/node/v0.12.4/bin/npm',
1 verbose cli   'publish' ]
2 info using npm@3.8.7
3 info using node@v0.12.4
4 verbose publish [ '.' ]
5 silly cache add args [ '.', null ]
6 verbose cache add spec .
7 silly cache add parsed spec { raw: '.',
7 silly cache add   scope: null,
7 silly cache add   name: null,
7 silly cache add   rawSpec: '.',
7 silly cache add   spec: '/Users/perrinclark/Coding/NodeSchool/Core/how-to-NPM',
7 silly cache add   type: 'directory' }
8 verbose addLocalDirectory /Users/perrinclark/.npm/blackguycoding-node-package/7.8.9/package.tgz not in flight; packing
9 verbose correctMkdir /Users/perrinclark/.npm correctMkdir not in flight; initializing
10 info lifecycle blackguycoding-node-package@7.8.9~prepublish: blackguycoding-node-package@7.8.9
11 silly lifecycle blackguycoding-node-package@7.8.9~prepublish: no script for prepublish, continuing
12 verbose tar pack [ '/Users/perrinclark/.npm/blackguycoding-node-package/7.8.9/package.tgz',
12 verbose tar pack   '/Users/perrinclark/Coding/NodeSchool/Core/how-to-NPM' ]
13 verbose tarball /Users/perrinclark/.npm/blackguycoding-node-package/7.8.9/package.tgz
14 verbose folder /Users/perrinclark/Coding/NodeSchool/Core/how-to-NPM
15 verbose addLocalTarball adding from inside cache /Users/perrinclark/.npm/blackguycoding-node-package/7.8.9/package.tgz
16 verbose correctMkdir /Users/perrinclark/.npm correctMkdir not in flight; initializing
17 silly cache afterAdd blackguycoding-node-package@7.8.9
18 verbose afterAdd /Users/perrinclark/.npm/blackguycoding-node-package/7.8.9/package/package.json not in flight; writing
19 verbose correctMkdir /Users/perrinclark/.npm correctMkdir not in flight; initializing
20 verbose afterAdd /Users/perrinclark/.npm/blackguycoding-node-package/7.8.9/package/package.json written
21 silly publish { name: 'blackguycoding-node-package',
21 silly publish   version: '7.8.9',
21 silly publish   description: 'My very first node package',
21 silly publish   main: '03:Start-A-Project.js',
21 silly publish   scripts: { test: 'node test.js' },
21 silly publish   keywords: [ 'nodeschool' ],
21 silly publish   author: { name: 'Perrin Clark', email: 'BlackGuyCoding@gmail.com' },
21 silly publish   license: 'ISC',
21 silly publish   dependencies: { '@linclark/pkg': '^1.0.2' },
21 silly publish   readme: '#NodeSchool Solutions\n\nOpen source lesson solutions associated with  [NodeSchool](http://nodeschool.io/).\n\nNodeSchool is an open source workshops that teach web software skills (fundamentals skills for NodeJS) that you can complete at your own pace using your terminal & text editor. I am using Atom + iTerm to complete these challenges.\n\nThe How To NPM workshop does not include any actual code rather it includes interactive challenges to teach you how to use npm. I have included this repo here to maintain my file structure.\n',
21 silly publish   readmeFilename: 'README.md',
21 silly publish   _id: 'blackguycoding-node-package@7.8.9',
21 silly publish   _shasum: '5e3db72b82a4a016fa4fe809dcbf95986ba70d08',
21 silly publish   _from: '.' }
22 verbose getPublishConfig undefined
23 silly mapToRegistry name blackguycoding-node-package
24 silly mapToRegistry using default registry
25 silly mapToRegistry registry http://localhost:15443/
26 silly mapToRegistry data { raw: 'blackguycoding-node-package',
26 silly mapToRegistry   scope: null,
26 silly mapToRegistry   name: 'blackguycoding-node-package',
26 silly mapToRegistry   rawSpec: '',
26 silly mapToRegistry   spec: 'latest',
26 silly mapToRegistry   type: 'tag' }
27 silly mapToRegistry uri http://localhost:15443/blackguycoding-node-package
28 verbose publish registryBase http://localhost:15443/
29 silly publish uploading /Users/perrinclark/.npm/blackguycoding-node-package/7.8.9/package.tgz
30 verbose stack Error: auth required for publishing
30 verbose stack     at CachingRegistryClient.publish (/Users/perrinclark/.nvm/versions/node/v0.12.4/lib/node_modules/npm/node_modules/npm-registry-client/lib/publish.js:30:14)
30 verbose stack     at /Users/perrinclark/.nvm/versions/node/v0.12.4/lib/node_modules/npm/lib/publish.js:137:14
30 verbose stack     at mapToRegistry (/Users/perrinclark/.nvm/versions/node/v0.12.4/lib/node_modules/npm/lib/utils/map-to-registry.js:62:3)
30 verbose stack     at publish_ (/Users/perrinclark/.nvm/versions/node/v0.12.4/lib/node_modules/npm/lib/publish.js:106:3)
30 verbose stack     at Array.<anonymous> (/Users/perrinclark/.nvm/versions/node/v0.12.4/lib/node_modules/npm/node_modules/slide/lib/bind-actor.js:15:8)
30 verbose stack     at LOOP (/Users/perrinclark/.nvm/versions/node/v0.12.4/lib/node_modules/npm/node_modules/slide/lib/chain.js:15:14)
30 verbose stack     at LOOP (/Users/perrinclark/.nvm/versions/node/v0.12.4/lib/node_modules/npm/node_modules/slide/lib/chain.js:14:28)
30 verbose stack     at chain (/Users/perrinclark/.nvm/versions/node/v0.12.4/lib/node_modules/npm/node_modules/slide/lib/chain.js:20:5)
30 verbose stack     at /Users/perrinclark/.nvm/versions/node/v0.12.4/lib/node_modules/npm/lib/publish.js:72:5
30 verbose stack     at RES (/Users/perrinclark/.nvm/versions/node/v0.12.4/lib/node_modules/npm/node_modules/inflight/inflight.js:23:14)
31 verbose cwd /Users/perrinclark/Coding/NodeSchool/Core/how-to-NPM
32 error Darwin 14.5.0
33 error argv "node" "/Users/perrinclark/.nvm/versions/node/v0.12.4/bin/npm" "publish"
34 error node v0.12.4
35 error npm  v3.8.7
36 error code ENEEDAUTH
37 error need auth auth required for publishing
38 error need auth You need to authorize this machine using `npm adduser`
39 verbose exit [ 1, true ]
